Arguments: 
  E:\node\node.exe C:\Users\俞西西\AppData\Roaming\npm\node_modules\yarn\bin\yarn.js install

PATH: 
  C:\Program Files (x86)\Common Files\Oracle\Java\javapath;C:\Program Files\Java\jdk1.8.0_181\bin;C:\Program Files\Java\jdk1.8.0_181\jre\bin;C:\ProgramData\Oracle\Java\javapath;C:\Program Files (x86)\Intel\Intel(R) Management Engine Components\iCLS\;C:\Program Files\Intel\Intel(R) Management Engine Components\iCLS\;C:\Windows\system32;C:\Windows;C:\Windows\System32\Wbem;C:\Windows\System32\WindowsPowerShell\v1.0\;C:\Windows\System32\OpenSSH\;C:\Program Files (x86)\NVIDIA Corporation\PhysX\Common;C:\Program Files (x86)\Intel\Intel(R) Management Engine Components\DAL;C:\Program Files\Intel\Intel(R) Management Engine Components\DAL;C:\Program Files (x86)\Intel\Intel(R) Management Engine Components\IPT;C:\Program Files\Intel\Intel(R) Management Engine Components\IPT;C:\Program Files\Intel\WiFi\bin\;C:\Program Files\Common Files\Intel\WirelessCommon\;E:\mysql\mysql-8.0.15-winx64\bin;C:\WINDOWS\system32;C:\WINDOWS;C:\WINDOWS\System32\Wbem;C:\WINDOWS\System32\WindowsPowerShell\v1.0\;C:\WINDOWS\System32\OpenSSH\;C:\Program Files\TortoiseSVN\bin;E:\Erlang\erl9.3bin;E:\rabbitmq\rabbitmq_server-3.7.7\sbin;E:\maven\apache-maven-3.6.3\bin;E:\git\Git\bin;C:\Program Files\Microsoft\Web Platform Installer\;E:\node\;C:\Users\俞西西\AppData\Local\Microsoft\WindowsApps;;E:\Intellij IDEA\IntelliJ IDEA 2020.1.4\bin;;E:\vscode\Microsoft VS Code\bin;C:\Users\俞西西\AppData\Roaming\npm

Yarn version: 
  1.15.2

Node version: 
  12.10.0

Platform: 
  win32 x64

Trace: 
  Error: ENOENT: no such file or directory, copyfile 'C:\Users\俞西西\AppData\Local\Yarn\Cache\v4\npm-has-flag-3.0.0-b5d454dc2199ae225699f3467e5a07f3b955bafd\node_modules\has-flag\index.js' -> 'D:\vite\vite-project\node_modules\@babel\highlight\node_modules\has-flag\index.js'

npm manifest: 
  {
    "version": "0.0.0",
    "private": false,
    "main": "lib/index.js",
    "module": "es/index.js",
    "license": "MIT",
    "scripts": {
      "dev": "vite",
      "build": "vue-tsc --noEmit && vite build",
      "serve": "vite preview",
      "rollupbuild": "rollup -c"
    },
    "dependencies": {
      "vue": "^3.1.1"
    },
    "devDependencies": {
      "@rollup/plugin-replace": "^2.4.2",
      "@types/lodash": "^4.14.170",
      "@types/node": "^15.12.4",
      "@vitejs/plugin-vue": "^1.2.3",
      "@vue/babel-plugin-jsx": "^1.0.6",
      "@vue/compiler-sfc": "^3.0.5",
      "rollup-plugin-esbuild": "^4.5.0",
      "rollup-plugin-scss": "^2.6.1",
      "rollup-plugin-terser": "^7.0.2",
      "rollup-plugin-vue": "^6.0.0",
      "sass": "^1.35.1",
      "typescript": "^4.3.2",
      "vite": "^2.3.7",
      "vue-tsc": "^0.0.24"
    }
  }

yarn manifest: 
  No manifest

Lockfile: 
  No lockfile
